{"C:\\BINAR ACADEMY\\Chapter 1\\Challenge Chapter 7\\app\\controllers\\carController.js": {"path":"C:\\BINAR ACADEMY\\Chapter 1\\Challenge Chapter 7\\app\\controllers\\carController.js","statementMap":{"0":{"start":{"line":2,"column":19},"end":{"line":2,"column":45}},"1":{"start":{"line":6,"column":2},"end":{"line":19,"column":3}},"2":{"start":{"line":7,"column":17},"end":{"line":7,"column":43}},"3":{"start":{"line":9,"column":4},"end":{"line":13,"column":7}},"4":{"start":{"line":15,"column":4},"end":{"line":18,"column":7}},"5":{"start":{"line":24,"column":4},"end":{"line":28,"column":7}},"6":{"start":{"line":33,"column":2},"end":{"line":50,"column":3}},"7":{"start":{"line":35,"column":27},"end":{"line":35,"column":35}},"8":{"start":{"line":36,"column":25},"end":{"line":36,"column":33}},"9":{"start":{"line":39,"column":17},"end":{"line":39,"column":66}},"10":{"start":{"line":40,"column":4},"end":{"line":44,"column":7}},"11":{"start":{"line":46,"column":4},"end":{"line":49,"column":7}},"12":{"start":{"line":54,"column":2},"end":{"line":68,"column":3}},"13":{"start":{"line":55,"column":15},"end":{"line":55,"column":28}},"14":{"start":{"line":56,"column":25},"end":{"line":56,"column":33}},"15":{"start":{"line":57,"column":4},"end":{"line":57,"column":51}},"16":{"start":{"line":58,"column":4},"end":{"line":62,"column":7}},"17":{"start":{"line":64,"column":4},"end":{"line":67,"column":7}},"18":{"start":{"line":72,"column":2},"end":{"line":87,"column":3}},"19":{"start":{"line":73,"column":20},"end":{"line":73,"column":28}},"20":{"start":{"line":74,"column":15},"end":{"line":74,"column":28}},"21":{"start":{"line":75,"column":25},"end":{"line":75,"column":33}},"22":{"start":{"line":76,"column":17},"end":{"line":76,"column":68}},"23":{"start":{"line":77,"column":4},"end":{"line":81,"column":7}},"24":{"start":{"line":83,"column":4},"end":{"line":86,"column":7}},"25":{"start":{"line":92,"column":2},"end":{"line":103,"column":3}},"26":{"start":{"line":93,"column":21},"end":{"line":93,"column":31}},"27":{"start":{"line":95,"column":16},"end":{"line":95,"column":47}},"28":{"start":{"line":96,"column":4},"end":{"line":96,"column":18}},"29":{"start":{"line":97,"column":4},"end":{"line":97,"column":11}},"30":{"start":{"line":99,"column":4},"end":{"line":102,"column":7}},"31":{"start":{"line":107,"column":2},"end":{"line":111,"column":3}},"32":{"start":{"line":115,"column":0},"end":{"line":122,"column":2}}},"fnMap":{"0":{"name":"list","decl":{"start":{"line":5,"column":15},"end":{"line":5,"column":19}},"loc":{"start":{"line":5,"column":30},"end":{"line":20,"column":1}},"line":5},"1":{"name":"detail","decl":{"start":{"line":22,"column":9},"end":{"line":22,"column":15}},"loc":{"start":{"line":22,"column":26},"end":{"line":30,"column":1}},"line":22},"2":{"name":"create","decl":{"start":{"line":32,"column":15},"end":{"line":32,"column":21}},"loc":{"start":{"line":32,"column":32},"end":{"line":51,"column":1}},"line":32},"3":{"name":"destroy","decl":{"start":{"line":53,"column":15},"end":{"line":53,"column":22}},"loc":{"start":{"line":53,"column":33},"end":{"line":69,"column":1}},"line":53},"4":{"name":"update","decl":{"start":{"line":71,"column":15},"end":{"line":71,"column":21}},"loc":{"start":{"line":71,"column":32},"end":{"line":89,"column":1}},"line":71},"5":{"name":"findAndSetById","decl":{"start":{"line":91,"column":15},"end":{"line":91,"column":29}},"loc":{"start":{"line":91,"column":46},"end":{"line":104,"column":1}},"line":91},"6":{"name":"register","decl":{"start":{"line":106,"column":15},"end":{"line":106,"column":23}},"loc":{"start":{"line":106,"column":34},"end":{"line":112,"column":1}},"line":106}},"branchMap":{"0":{"loc":{"start":{"line":99,"column":15},"end":{"line":99,"column":36}},"type":"binary-expr","locations":[{"start":{"line":99,"column":15},"end":{"line":99,"column":29}},{"start":{"line":99,"column":33},"end":{"line":99,"column":36}}],"line":99}},"s":{"0":1,"1":2,"2":2,"3":1,"4":1,"5":1,"6":2,"7":2,"8":2,"9":2,"10":1,"11":1,"12":2,"13":2,"14":2,"15":2,"16":1,"17":1,"18":2,"19":2,"20":2,"21":2,"22":2,"23":1,"24":1,"25":2,"26":2,"27":2,"28":1,"29":1,"30":1,"31":0,"32":1},"f":{"0":2,"1":1,"2":2,"3":2,"4":2,"5":2,"6":0},"b":{"0":[1,0]},"_coverageSchema":"1a1c01bbd47fc00a2c39e90264f33305004495a9","hash":"c2d08ae04971f53c2a63ab2ff7244a013c0da0f9"}
,"C:\\BINAR ACADEMY\\Chapter 1\\Challenge Chapter 7\\app\\controllers\\userController.js": {"path":"C:\\BINAR ACADEMY\\Chapter 1\\Challenge Chapter 7\\app\\controllers\\userController.js","statementMap":{"0":{"start":{"line":1,"column":20},"end":{"line":1,"column":47}},"1":{"start":{"line":6,"column":4},"end":{"line":20,"column":5}},"2":{"start":{"line":8,"column":21},"end":{"line":8,"column":29}},"3":{"start":{"line":9,"column":21},"end":{"line":9,"column":66}},"4":{"start":{"line":10,"column":8},"end":{"line":14,"column":11}},"5":{"start":{"line":16,"column":8},"end":{"line":19,"column":11}},"6":{"start":{"line":25,"column":4},"end":{"line":39,"column":5}},"7":{"start":{"line":27,"column":41},"end":{"line":27,"column":49}},"8":{"start":{"line":28,"column":21},"end":{"line":28,"column":68}},"9":{"start":{"line":29,"column":8},"end":{"line":33,"column":11}},"10":{"start":{"line":35,"column":8},"end":{"line":38,"column":11}},"11":{"start":{"line":43,"column":4},"end":{"line":56,"column":5}},"12":{"start":{"line":44,"column":21},"end":{"line":44,"column":29}},"13":{"start":{"line":45,"column":21},"end":{"line":45,"column":54}},"14":{"start":{"line":46,"column":8},"end":{"line":50,"column":11}},"15":{"start":{"line":52,"column":8},"end":{"line":55,"column":11}},"16":{"start":{"line":60,"column":0},"end":{"line":64,"column":1}}},"fnMap":{"0":{"name":"createAdmin","decl":{"start":{"line":5,"column":15},"end":{"line":5,"column":26}},"loc":{"start":{"line":5,"column":37},"end":{"line":21,"column":1}},"line":5},"1":{"name":"create","decl":{"start":{"line":24,"column":15},"end":{"line":24,"column":21}},"loc":{"start":{"line":24,"column":32},"end":{"line":40,"column":1}},"line":24},"2":{"name":"login","decl":{"start":{"line":42,"column":15},"end":{"line":42,"column":20}},"loc":{"start":{"line":42,"column":30},"end":{"line":57,"column":1}},"line":42}},"branchMap":{},"s":{"0":1,"1":2,"2":2,"3":2,"4":1,"5":1,"6":2,"7":2,"8":2,"9":1,"10":1,"11":2,"12":2,"13":2,"14":1,"15":1,"16":1},"f":{"0":2,"1":2,"2":2},"b":{},"_coverageSchema":"1a1c01bbd47fc00a2c39e90264f33305004495a9","hash":"1d40f80d96bf7028468bcba1e9f72439c387f45c"}
}
