TN:
SF:app\controllers\carController.js
FN:5,list
FN:22,detail
FN:32,create
FN:53,destroy
FN:71,update
FN:91,findAndSetById
FN:106,register
FNF:7
FNH:6
FNDA:2,list
FNDA:1,detail
FNDA:2,create
FNDA:2,destroy
FNDA:2,update
FNDA:2,findAndSetById
FNDA:0,register
DA:2,1
DA:6,2
DA:7,2
DA:9,1
DA:15,1
DA:24,1
DA:33,2
DA:35,2
DA:36,2
DA:39,2
DA:40,1
DA:46,1
DA:54,2
DA:55,2
DA:56,2
DA:57,2
DA:58,1
DA:64,1
DA:72,2
DA:73,2
DA:74,2
DA:75,2
DA:76,2
DA:77,1
DA:83,1
DA:92,2
DA:93,2
DA:95,2
DA:96,1
DA:97,1
DA:99,1
DA:107,0
DA:115,1
LF:33
LH:32
BRDA:99,0,0,1
BRDA:99,0,1,0
BRF:2
BRH:1
end_of_record
TN:
SF:app\controllers\userController.js
FN:5,createAdmin
FN:24,create
FN:42,login
FNF:3
FNH:3
FNDA:2,createAdmin
FNDA:2,create
FNDA:2,login
DA:1,1
DA:6,2
DA:8,2
DA:9,2
DA:10,1
DA:16,1
DA:25,2
DA:27,2
DA:28,2
DA:29,1
DA:35,1
DA:43,2
DA:44,2
DA:45,2
DA:46,1
DA:52,1
DA:60,1
LF:17
LH:17
BRF:0
BRH:0
end_of_record
